  Compiling CUDA source file kernel.cu...
  
  C:\Users\colto\source\repos\mpunks-miner-worker\mpunks-miner-worker-vs>"C:\Program Files\NVIDIA GPU Computing Toolkit\CUDA\v11.4\bin\nvcc.exe" -gencode=arch=compute_52,code=\"sm_52,compute_52\" --use-local-env -ccbin "C:\Program Files (x86)\Microsoft Visual Studio\2019\Community\VC\Tools\MSVC\14.29.30133\bin\HostX86\x64" -x cu   -I"C:\Users\colto\source\repos\mpunks-miner-worker\installed\mpir\include" -I"C:\Program Files\NVIDIA GPU Computing Toolkit\CUDA\v11.4\include" -I"C:\Users\colto\Downloads\vcpkg\installed\\x64-windows\include" -I"C:\Program Files\NVIDIA GPU Computing Toolkit\CUDA\v11.4\include"     --keep-dir x64\Release  -maxrregcount=0  --machine 64 --compile -cudart static    -DWIN32 -DWIN64 -DNDEBUG -D_CONSOLE -D_MBCS -Xcompiler "/EHsc /W3 /nologo /O2 /Fdx64\Release\vc142.pdb /FS   /MD " -o x64\Release\kernel.cu.obj "C:\Users\colto\source\repos\mpunks-miner-worker\mpunks-miner-worker-vs\kernel.cu" 
c:\users\colto\source\repos\mpunks-miner-worker\mpunks-miner-worker-vs\kernel.cu(114): warning : function "tex1Dfetch(texture<T, 1, cudaReadModeElementType>, int) [with T=unsigned int]"
  C:\Program Files\NVIDIA GPU Computing Toolkit\CUDA\v11.4\include\texture_fetch_functions.h(132): here was declared deprecated
  
c:\users\colto\source\repos\mpunks-miner-worker\mpunks-miner-worker-vs\kernel.cu(114): warning : function "tex1Dfetch(texture<T, 1, cudaReadModeElementType>, int) [with T=unsigned int]"
  C:\Program Files\NVIDIA GPU Computing Toolkit\CUDA\v11.4\include\texture_fetch_functions.h(132): here was declared deprecated
  
c:\users\colto\source\repos\mpunks-miner-worker\mpunks-miner-worker-vs\kernel.cu(120): warning : function "tex1Dfetch(texture<T, 1, cudaReadModeElementType>, int) [with T=unsigned int]"
  C:\Program Files\NVIDIA GPU Computing Toolkit\CUDA\v11.4\include\texture_fetch_functions.h(132): here was declared deprecated
  
c:\users\colto\source\repos\mpunks-miner-worker\mpunks-miner-worker-vs\kernel.cu(120): warning : function "tex1Dfetch(texture<T, 1, cudaReadModeElementType>, int) [with T=unsigned int]"
  C:\Program Files\NVIDIA GPU Computing Toolkit\CUDA\v11.4\include\texture_fetch_functions.h(132): here was declared deprecated
  
c:\users\colto\source\repos\mpunks-miner-worker\mpunks-miner-worker-vs\kernel.cu(126): warning : function "tex1Dfetch(texture<T, 1, cudaReadModeElementType>, int) [with T=unsigned int]"
  C:\Program Files\NVIDIA GPU Computing Toolkit\CUDA\v11.4\include\texture_fetch_functions.h(132): here was declared deprecated
  
c:\users\colto\source\repos\mpunks-miner-worker\mpunks-miner-worker-vs\kernel.cu(126): warning : function "tex1Dfetch(texture<T, 1, cudaReadModeElementType>, int) [with T=unsigned int]"
  C:\Program Files\NVIDIA GPU Computing Toolkit\CUDA\v11.4\include\texture_fetch_functions.h(132): here was declared deprecated
  
c:\users\colto\source\repos\mpunks-miner-worker\mpunks-miner-worker-vs\kernel.cu(132): warning : function "tex1Dfetch(texture<T, 1, cudaReadModeElementType>, int) [with T=unsigned int]"
  C:\Program Files\NVIDIA GPU Computing Toolkit\CUDA\v11.4\include\texture_fetch_functions.h(132): here was declared deprecated
  
c:\users\colto\source\repos\mpunks-miner-worker\mpunks-miner-worker-vs\kernel.cu(132): warning : function "tex1Dfetch(texture<T, 1, cudaReadModeElementType>, int) [with T=unsigned int]"
  C:\Program Files\NVIDIA GPU Computing Toolkit\CUDA\v11.4\include\texture_fetch_functions.h(132): here was declared deprecated
  
c:\users\colto\source\repos\mpunks-miner-worker\mpunks-miner-worker-vs\kernel.cu(138): warning : function "tex1Dfetch(texture<T, 1, cudaReadModeElementType>, int) [with T=unsigned int]"
  C:\Program Files\NVIDIA GPU Computing Toolkit\CUDA\v11.4\include\texture_fetch_functions.h(132): here was declared deprecated
  
c:\users\colto\source\repos\mpunks-miner-worker\mpunks-miner-worker-vs\kernel.cu(138): warning : function "tex1Dfetch(texture<T, 1, cudaReadModeElementType>, int) [with T=unsigned int]"
  C:\Program Files\NVIDIA GPU Computing Toolkit\CUDA\v11.4\include\texture_fetch_functions.h(132): here was declared deprecated
  
c:\users\colto\source\repos\mpunks-miner-worker\mpunks-miner-worker-vs\kernel.cu(144): warning : function "tex1Dfetch(texture<T, 1, cudaReadModeElementType>, int) [with T=unsigned int]"
  C:\Program Files\NVIDIA GPU Computing Toolkit\CUDA\v11.4\include\texture_fetch_functions.h(132): here was declared deprecated
  
c:\users\colto\source\repos\mpunks-miner-worker\mpunks-miner-worker-vs\kernel.cu(144): warning : function "tex1Dfetch(texture<T, 1, cudaReadModeElementType>, int) [with T=unsigned int]"
  C:\Program Files\NVIDIA GPU Computing Toolkit\CUDA\v11.4\include\texture_fetch_functions.h(132): here was declared deprecated
  
c:\users\colto\source\repos\mpunks-miner-worker\mpunks-miner-worker-vs\kernel.cu(150): warning : function "tex1Dfetch(texture<T, 1, cudaReadModeElementType>, int) [with T=unsigned int]"
  C:\Program Files\NVIDIA GPU Computing Toolkit\CUDA\v11.4\include\texture_fetch_functions.h(132): here was declared deprecated
  
c:\users\colto\source\repos\mpunks-miner-worker\mpunks-miner-worker-vs\kernel.cu(150): warning : function "tex1Dfetch(texture<T, 1, cudaReadModeElementType>, int) [with T=unsigned int]"
  C:\Program Files\NVIDIA GPU Computing Toolkit\CUDA\v11.4\include\texture_fetch_functions.h(132): here was declared deprecated
  
c:\users\colto\source\repos\mpunks-miner-worker\mpunks-miner-worker-vs\kernel.cu(156): warning : function "tex1Dfetch(texture<T, 1, cudaReadModeElementType>, int) [with T=unsigned int]"
  C:\Program Files\NVIDIA GPU Computing Toolkit\CUDA\v11.4\include\texture_fetch_functions.h(132): here was declared deprecated
  
c:\users\colto\source\repos\mpunks-miner-worker\mpunks-miner-worker-vs\kernel.cu(156): warning : function "tex1Dfetch(texture<T, 1, cudaReadModeElementType>, int) [with T=unsigned int]"
  C:\Program Files\NVIDIA GPU Computing Toolkit\CUDA\v11.4\include\texture_fetch_functions.h(132): here was declared deprecated
  
c:\users\colto\source\repos\mpunks-miner-worker\mpunks-miner-worker-vs\kernel.cu(162): warning : function "tex1Dfetch(texture<T, 1, cudaReadModeElementType>, int) [with T=unsigned int]"
  C:\Program Files\NVIDIA GPU Computing Toolkit\CUDA\v11.4\include\texture_fetch_functions.h(132): here was declared deprecated
  
c:\users\colto\source\repos\mpunks-miner-worker\mpunks-miner-worker-vs\kernel.cu(162): warning : function "tex1Dfetch(texture<T, 1, cudaReadModeElementType>, int) [with T=unsigned int]"
  C:\Program Files\NVIDIA GPU Computing Toolkit\CUDA\v11.4\include\texture_fetch_functions.h(132): here was declared deprecated
  
c:\users\colto\source\repos\mpunks-miner-worker\mpunks-miner-worker-vs\kernel.cu(168): warning : function "tex1Dfetch(texture<T, 1, cudaReadModeElementType>, int) [with T=unsigned int]"
  C:\Program Files\NVIDIA GPU Computing Toolkit\CUDA\v11.4\include\texture_fetch_functions.h(132): here was declared deprecated
  
c:\users\colto\source\repos\mpunks-miner-worker\mpunks-miner-worker-vs\kernel.cu(168): warning : function "tex1Dfetch(texture<T, 1, cudaReadModeElementType>, int) [with T=unsigned int]"
  C:\Program Files\NVIDIA GPU Computing Toolkit\CUDA\v11.4\include\texture_fetch_functions.h(132): here was declared deprecated
  
c:\users\colto\source\repos\mpunks-miner-worker\mpunks-miner-worker-vs\kernel.cu(174): warning : function "tex1Dfetch(texture<T, 1, cudaReadModeElementType>, int) [with T=unsigned int]"
  C:\Program Files\NVIDIA GPU Computing Toolkit\CUDA\v11.4\include\texture_fetch_functions.h(132): here was declared deprecated
  
c:\users\colto\source\repos\mpunks-miner-worker\mpunks-miner-worker-vs\kernel.cu(174): warning : function "tex1Dfetch(texture<T, 1, cudaReadModeElementType>, int) [with T=unsigned int]"
  C:\Program Files\NVIDIA GPU Computing Toolkit\CUDA\v11.4\include\texture_fetch_functions.h(132): here was declared deprecated
  
c:\users\colto\source\repos\mpunks-miner-worker\mpunks-miner-worker-vs\kernel.cu(180): warning : function "tex1Dfetch(texture<T, 1, cudaReadModeElementType>, int) [with T=unsigned int]"
  C:\Program Files\NVIDIA GPU Computing Toolkit\CUDA\v11.4\include\texture_fetch_functions.h(132): here was declared deprecated
  
c:\users\colto\source\repos\mpunks-miner-worker\mpunks-miner-worker-vs\kernel.cu(180): warning : function "tex1Dfetch(texture<T, 1, cudaReadModeElementType>, int) [with T=unsigned int]"
  C:\Program Files\NVIDIA GPU Computing Toolkit\CUDA\v11.4\include\texture_fetch_functions.h(132): here was declared deprecated
  
c:\users\colto\source\repos\mpunks-miner-worker\mpunks-miner-worker-vs\kernel.cu(186): warning : function "tex1Dfetch(texture<T, 1, cudaReadModeElementType>, int) [with T=unsigned int]"
  C:\Program Files\NVIDIA GPU Computing Toolkit\CUDA\v11.4\include\texture_fetch_functions.h(132): here was declared deprecated
  
c:\users\colto\source\repos\mpunks-miner-worker\mpunks-miner-worker-vs\kernel.cu(186): warning : function "tex1Dfetch(texture<T, 1, cudaReadModeElementType>, int) [with T=unsigned int]"
  C:\Program Files\NVIDIA GPU Computing Toolkit\CUDA\v11.4\include\texture_fetch_functions.h(132): here was declared deprecated
  
c:\users\colto\source\repos\mpunks-miner-worker\mpunks-miner-worker-vs\kernel.cu(192): warning : function "tex1Dfetch(texture<T, 1, cudaReadModeElementType>, int) [with T=unsigned int]"
  C:\Program Files\NVIDIA GPU Computing Toolkit\CUDA\v11.4\include\texture_fetch_functions.h(132): here was declared deprecated
  
c:\users\colto\source\repos\mpunks-miner-worker\mpunks-miner-worker-vs\kernel.cu(192): warning : function "tex1Dfetch(texture<T, 1, cudaReadModeElementType>, int) [with T=unsigned int]"
  C:\Program Files\NVIDIA GPU Computing Toolkit\CUDA\v11.4\include\texture_fetch_functions.h(132): here was declared deprecated
  
c:\users\colto\source\repos\mpunks-miner-worker\mpunks-miner-worker-vs\kernel.cu(198): warning : function "tex1Dfetch(texture<T, 1, cudaReadModeElementType>, int) [with T=unsigned int]"
  C:\Program Files\NVIDIA GPU Computing Toolkit\CUDA\v11.4\include\texture_fetch_functions.h(132): here was declared deprecated
  
c:\users\colto\source\repos\mpunks-miner-worker\mpunks-miner-worker-vs\kernel.cu(198): warning : function "tex1Dfetch(texture<T, 1, cudaReadModeElementType>, int) [with T=unsigned int]"
  C:\Program Files\NVIDIA GPU Computing Toolkit\CUDA\v11.4\include\texture_fetch_functions.h(132): here was declared deprecated
  
c:\users\colto\source\repos\mpunks-miner-worker\mpunks-miner-worker-vs\kernel.cu(204): warning : function "tex1Dfetch(texture<T, 1, cudaReadModeElementType>, int) [with T=unsigned int]"
  C:\Program Files\NVIDIA GPU Computing Toolkit\CUDA\v11.4\include\texture_fetch_functions.h(132): here was declared deprecated
  
c:\users\colto\source\repos\mpunks-miner-worker\mpunks-miner-worker-vs\kernel.cu(204): warning : function "tex1Dfetch(texture<T, 1, cudaReadModeElementType>, int) [with T=unsigned int]"
  C:\Program Files\NVIDIA GPU Computing Toolkit\CUDA\v11.4\include\texture_fetch_functions.h(132): here was declared deprecated
  
c:\users\colto\source\repos\mpunks-miner-worker\mpunks-miner-worker-vs\kernel.cu(210): warning : function "tex1Dfetch(texture<T, 1, cudaReadModeElementType>, int) [with T=unsigned int]"
  C:\Program Files\NVIDIA GPU Computing Toolkit\CUDA\v11.4\include\texture_fetch_functions.h(132): here was declared deprecated
  
c:\users\colto\source\repos\mpunks-miner-worker\mpunks-miner-worker-vs\kernel.cu(210): warning : function "tex1Dfetch(texture<T, 1, cudaReadModeElementType>, int) [with T=unsigned int]"
  C:\Program Files\NVIDIA GPU Computing Toolkit\CUDA\v11.4\include\texture_fetch_functions.h(132): here was declared deprecated
  
c:\users\colto\source\repos\mpunks-miner-worker\mpunks-miner-worker-vs\kernel.cu(443): warning : argument is incompatible with corresponding format string conversion
  
c:\users\colto\source\repos\mpunks-miner-worker\mpunks-miner-worker-vs\kernel.cu(444): warning : argument is incompatible with corresponding format string conversion
  
c:\users\colto\source\repos\mpunks-miner-worker\mpunks-miner-worker-vs\kernel.cu(445): warning : argument is incompatible with corresponding format string conversion
  
c:\users\colto\source\repos\mpunks-miner-worker\mpunks-miner-worker-vs\kernel.cu(446): warning : argument is incompatible with corresponding format string conversion
  
c:\users\colto\source\repos\mpunks-miner-worker\mpunks-miner-worker-vs\kernel.cu(447): warning : argument is incompatible with corresponding format string conversion
  
c:\users\colto\source\repos\mpunks-miner-worker\mpunks-miner-worker-vs\kernel.cu(448): warning : argument is incompatible with corresponding format string conversion
  
c:\users\colto\source\repos\mpunks-miner-worker\mpunks-miner-worker-vs\kernel.cu(449): warning : argument is incompatible with corresponding format string conversion
  
c:\users\colto\source\repos\mpunks-miner-worker\mpunks-miner-worker-vs\kernel.cu(450): warning : argument is incompatible with corresponding format string conversion
  
c:\users\colto\source\repos\mpunks-miner-worker\mpunks-miner-worker-vs\kernel.cu(451): warning : argument is incompatible with corresponding format string conversion
  
c:\users\colto\source\repos\mpunks-miner-worker\mpunks-miner-worker-vs\kernel.cu(451): warning : argument is incompatible with corresponding format string conversion
  
c:\users\colto\source\repos\mpunks-miner-worker\mpunks-miner-worker-vs\kernel.cu(451): warning : argument is incompatible with corresponding format string conversion
  
c:\users\colto\source\repos\mpunks-miner-worker\mpunks-miner-worker-vs\kernel.cu(452): warning : argument is incompatible with corresponding format string conversion
  
c:\users\colto\source\repos\mpunks-miner-worker\mpunks-miner-worker-vs\kernel.cu(452): warning : argument is incompatible with corresponding format string conversion
  
  kernel.cu
c:\users\colto\source\repos\mpunks-miner-worker\mpunks-miner-worker-vs\kernel.cu(862): warning C4477: 'printf' : format string '%lu' requires an argument of type 'unsigned long', but variadic argument 1 has type 'uint64_t'
  c:\users\colto\source\repos\mpunks-miner-worker\mpunks-miner-worker-vs\kernel.cu(862): note: consider using '%llu' in the format string
  c:\users\colto\source\repos\mpunks-miner-worker\mpunks-miner-worker-vs\kernel.cu(862): note: consider using '%Iu' in the format string
  c:\users\colto\source\repos\mpunks-miner-worker\mpunks-miner-worker-vs\kernel.cu(862): note: consider using '%I64u' in the format string
c:\users\colto\source\repos\mpunks-miner-worker\mpunks-miner-worker-vs\kernel.cu(892): warning C4477: 'printf' : format string '%lu' requires an argument of type 'unsigned long', but variadic argument 1 has type 'uint64_t'
  c:\users\colto\source\repos\mpunks-miner-worker\mpunks-miner-worker-vs\kernel.cu(892): note: consider using '%llu' in the format string
  c:\users\colto\source\repos\mpunks-miner-worker\mpunks-miner-worker-vs\kernel.cu(892): note: consider using '%Iu' in the format string
  c:\users\colto\source\repos\mpunks-miner-worker\mpunks-miner-worker-vs\kernel.cu(892): note: consider using '%I64u' in the format string
c:\users\colto\source\repos\mpunks-miner-worker\mpunks-miner-worker-vs\kernel.cu(838): warning C4996: 'cudaBindTexture': was declared deprecated
c:\users\colto\source\repos\mpunks-miner-worker\mpunks-miner-worker-vs\kernel.cu(901): warning C4996: 'cudaUnbindTexture': was declared deprecated
C:/Program Files/NVIDIA GPU Computing Toolkit/CUDA/v11.4/include\cuda_runtime.h(1451): warning C4996: 'cudaBindTexture': was declared deprecated
  c:\users\colto\source\repos\mpunks-miner-worker\mpunks-miner-worker-vs\kernel.cu(838): note: see reference to function template instantiation 'cudaError_t cudaBindTexture<unsigned int,1,cudaReadModeElementType>(size_t *,const texture<unsigned int,1,cudaReadModeElementType> &,const void *,size_t)' being compiled
C:/Program Files/NVIDIA GPU Computing Toolkit/CUDA/v11.4/include\cuda_runtime.h(1406): warning C4996: 'cudaBindTexture': was declared deprecated
  C:/Program Files/NVIDIA GPU Computing Toolkit/CUDA/v11.4/include\cuda_runtime.h(1451): note: see reference to function template instantiation 'cudaError_t cudaBindTexture<unsigned int,1,cudaReadModeElementType>(size_t *,const texture<unsigned int,1,cudaReadModeElementType> &,const void *,const cudaChannelFormatDesc &,size_t)' being compiled
  c:\users\colto\source\repos\mpunks-miner-worker\mpunks-miner-worker-vs\kernel.cu(838): note: see reference to function template instantiation 'cudaError_t cudaBindTexture<unsigned int,1,cudaReadModeElementType>(size_t *,const texture<unsigned int,1,cudaReadModeElementType> &,const void *,size_t)' being compiled
     Creating library C:\Users\colto\source\repos\mpunks-miner-worker\x64\Release\mpunks-miner-worker-vs.lib and object C:\Users\colto\source\repos\mpunks-miner-worker\x64\Release\mpunks-miner-worker-vs.exp
  Generating code
  Previous IPDB and IOBJ mismatch, fall back to full compilation.
  All 8 functions were compiled because no usable IPDB/IOBJ from previous compilation was found.
  Finished generating code
  mpunks-miner-worker-vs.vcxproj -> C:\Users\colto\source\repos\mpunks-miner-worker\x64\Release\mpunks-miner-worker-vs.exe
